<?xml version="1.0" encoding="UTF-8"?>
<testsuite name="me.bega.phaser.CustomPhaserTest" tests="4" skipped="0" failures="0" errors="0" timestamp="2022-11-29T19:24:28" hostname="DESKTOP-FMSR279" time="8.111">
  <properties/>
  <testcase name="testShouldReachPhaseWithRegistration()" classname="me.bega.phaser.CustomPhaserTest" time="3.048"/>
  <testcase name="testShouldReachPhaseWithDeregistration()" classname="me.bega.phaser.CustomPhaserTest" time="1.014"/>
  <testcase name="testAwaitShouldReachPhaseOne()" classname="me.bega.phaser.CustomPhaserTest" time="2.027"/>
  <testcase name="testShouldReachPhaseTwo()" classname="me.bega.phaser.CustomPhaserTest" time="2.02"/>
  <system-out><![CDATA[Parties await = 2
Parties await = 1
Parties await = 2
]]></system-out>
  <system-err><![CDATA[]]></system-err>
</testsuite>
