<?xml version="1.0" encoding="UTF-8"?>
<testsuite name="me.bega.reentrantlock.CustomReentrantLockTest" tests="3" skipped="0" failures="0" errors="0" timestamp="2022-11-29T17:53:29" hostname="DESKTOP-FMSR279" time="0.015">
  <properties/>
  <testcase name="testTryLockShouldReturnTrue()" classname="me.bega.reentrantlock.CustomReentrantLockTest" time="0.013"/>
  <testcase name="testShouldLockAndRelease()" classname="me.bega.reentrantlock.CustomReentrantLockTest" time="0.001"/>
  <testcase name="testTryLockShouldReturnFalse()" classname="me.bega.reentrantlock.CustomReentrantLockTest" time="0.0"/>
  <system-out><![CDATA[]]></system-out>
  <system-err><![CDATA[]]></system-err>
</testsuite>
