<?xml version="1.0" encoding="UTF-8"?>
<testsuite name="MyClassLoaderTests" tests="2" skipped="0" failures="0" errors="0" timestamp="2022-10-17T21:16:31" hostname="DESKTOP-FMSR279" time="0.017">
  <properties/>
  <testcase name="loadSelfClass()" classname="MyClassLoaderTests" time="0.015"/>
  <testcase name="loadExampleClass()" classname="MyClassLoaderTests" time="0.002"/>
  <system-out><![CDATA[]]></system-out>
  <system-err><![CDATA[]]></system-err>
</testsuite>
