<?xml version="1.0" encoding="UTF-8"?>
<testsuite name="me.bega.threadpool.ThreadPoolTest" tests="1" skipped="0" failures="0" errors="0" timestamp="2022-11-30T00:45:19" hostname="DESKTOP-FMSR279" time="1.546">
  <properties/>
  <testcase name="testThreadPool()" classname="me.bega.threadpool.ThreadPoolTest" time="1.546"/>
  <system-out><![CDATA[500
1022
]]></system-out>
  <system-err><![CDATA[]]></system-err>
</testsuite>
