<?xml version="1.0" encoding="UTF-8"?>
<testsuite name="me.bega.MichaelScottQueueTest" tests="3" skipped="0" failures="0" errors="0" timestamp="2022-10-31T16:02:23" hostname="DESKTOP-FMSR279" time="0.029">
  <properties/>
  <testcase name="testDequeueElementsConcurrently()" classname="me.bega.MichaelScottQueueTest" time="0.014"/>
  <testcase name="testEnqueueAndDequeueOneElement()" classname="me.bega.MichaelScottQueueTest" time="0.001"/>
  <testcase name="testEnqueueElementsConcurrently()" classname="me.bega.MichaelScottQueueTest" time="0.012"/>
  <system-out><![CDATA[]]></system-out>
  <system-err><![CDATA[]]></system-err>
</testsuite>
