<?xml version="1.0" encoding="UTF-8"?>
<testsuite name="me.bega.ThreadTaskTest" tests="1" skipped="0" failures="0" errors="0" timestamp="2022-10-17T21:23:38" hostname="DESKTOP-FMSR279" time="15.021">
  <properties/>
  <testcase name="testThreadTaskMethods()" classname="me.bega.ThreadTaskTest" time="15.021"/>
  <system-out><![CDATA[]]></system-out>
  <system-err><![CDATA[]]></system-err>
</testsuite>
